      Received HTTP response headers after 5.169ms - 200

info: System.Net.Http.HttpClient.MonolithClient.LogicalHandler[101]

      End processing HTTP request after 5.3816ms - 200

info: System.Net.Http.HttpClient.MonolithClient.LogicalHandler[100]

      Start processing HTTP request GET http://monolith:8080/api/users/test-user-2/blacklisted⁠

info: System.Net.Http.HttpClient.MonolithClient.ClientHandler[100]

      Sending HTTP request GET http://monolith:8080/api/users/test-user-2/blacklisted⁠

info: System.Net.Http.HttpClient.MonolithClient.ClientHandler[101]

      Received HTTP response headers after 4.0235ms - 200

info: System.Net.Http.HttpClient.MonolithClient.LogicalHandler[101]

      End processing HTTP request after 4.2607ms - 200

info: System.Net.Http.HttpClient.MonolithClient.LogicalHandler[100]

      Start processing HTTP request GET http://monolith:8080/api/hotels/test-hotel-2/operational⁠

info: System.Net.Http.HttpClient.MonolithClient.ClientHandler[100]

      Sending HTTP request GET http://monolith:8080/api/hotels/test-hotel-2/operational⁠

info: System.Net.Http.HttpClient.MonolithClient.ClientHandler[101]

      Received HTTP response headers after 4.5044ms - 200

info: System.Net.Http.HttpClient.MonolithClient.LogicalHandler[101]

      End processing HTTP request after 4.7037ms - 200

info: System.Net.Http.HttpClient.MonolithClient.LogicalHandler[100]

      Start processing HTTP request GET http://monolith:8080/api/reviews/hotel/test-hotel-2/trusted⁠

info: System.Net.Http.HttpClient.MonolithClient.ClientHandler[100]

      Sending HTTP request GET http://monolith:8080/api/reviews/hotel/test-hotel-2/trusted⁠

info: System.Net.Http.HttpClient.MonolithClient.ClientHandler[101]

      Received HTTP response headers after 6.1668ms - 200

info: System.Net.Http.HttpClient.MonolithClient.LogicalHandler[101]

      End processing HTTP request after 6.3745ms - 200

warn: BookingServiceApp.Grpc.GrpcBookingService[0]

      Validation failed for booking

      BookingServiceApp.Services.ValidationException: Hotel is not trusted based on reviews

         at BookingServiceApp.Services.BookingDomainService.CreateBookingAsync(String userId, String hotelId, String promoCode, CancellationToken ct) in /src/Services/BookingDomainService.cs:line 54

         at BookingServiceApp.Grpc.GrpcBookingService.CreateBooking(BookingRequest request, ServerCallContext context) in /src/Grpc/GrpcBookingService.cs:line 23

info: Grpc.AspNetCore.Server.ServerCallHandler[7]

      Error status code 'FailedPrecondition' with detail 'Hotel is not trusted based on reviews' raised.